2022-04-28 23:07:44 DEBUG    rasa.core.lock_store  - Deleted lock for conversation 'ce41fe16989647379a61a54eb3c851e9'.
2022-04-28 23:07:53 DEBUG    rasa.core.lock_store  - Issuing ticket for conversation 'ce41fe16989647379a61a54eb3c851e9'.
2022-04-28 23:07:53 DEBUG    rasa.core.lock_store  - Acquiring lock for conversation 'ce41fe16989647379a61a54eb3c851e9'.
2022-04-28 23:07:53 DEBUG    rasa.core.lock_store  - Acquired lock for conversation 'ce41fe16989647379a61a54eb3c851e9'.
2022-04-28 23:07:53 DEBUG    urllib3.connectionpool  - Starting new HTTP connection (1): duckling:8000
2022-04-28 23:07:53 DEBUG    urllib3.connectionpool  - http://duckling:8000 "POST /parse HTTP/1.1" 200 None
2022-04-28 23:07:53 DEBUG    rasa.core.processor  - Received user message '980' with intent '{'id': -4715469323084187204, 'name': 'informar_monto', 'confidence': 0.9882869720458984}' and entities '[{'entity': 'amount_of_money', 'start': 0, 'end': 3, 'confidence_entity': 0.9884088635444641, 'value': '980', 'extractor': 'DIETClassifier'}]'
2022-04-28 23:07:53 DEBUG    rasa.core.processor  - Current slot values: 
	amount_of_money: 980
	currency: None
	disambiguation_message: None
	fallback_language: es
	requested_slot: user_dni
	user_dni: None
	user_email: None
	session_started_metadata: {'language': 'es'}
2022-04-28 23:07:53 DEBUG    rasa.core.processor  - Logged UserUtterance - tracker now has 21 events.
2022-04-28 23:07:53 DEBUG    rasa.core.policies.rule_policy  - Current tracker state:
[state 1] user intent: get_started | previous action name: action_listen
[state 2] user intent: get_started | previous action name: utter_vkjzjQW8_
[state 3] user intent: envio_cbu | previous action name: action_listen
[state 4] user intent: envio_cbu | previous action name: utter_envio_cbu
[state 5] user intent: envio_cbu | previous action name: envio_cbu_form | active loop: {'name': 'envio_cbu_form'} | slots: {'requested_slot': (1.0, 0.0, 0.0, 0.0, 0.0)}
[state 6] user text: 980 | previous action name: action_listen | active loop: {'name': 'envio_cbu_form'} | slots: {'requested_slot': (1.0, 0.0, 0.0, 0.0, 0.0)}
2022-04-28 23:07:53 DEBUG    rasa.core.policies.rule_policy  - There is no applicable rule.
2022-04-28 23:07:53 DEBUG    rasa.core.policies.rule_policy  - Predicted loop 'envio_cbu_form'.
2022-04-28 23:07:53 DEBUG    rasa.core.policies.memoization  - Current tracker state:
[state 0] user intent: get_started | previous action name: utter_vkjzjQW8_
[state 1] user intent: envio_cbu | previous action name: action_listen
[state 2] user intent: envio_cbu | previous action name: utter_envio_cbu
[state 3] user intent: envio_cbu | previous action name: envio_cbu_form | active loop: {'name': 'envio_cbu_form'} | slots: {'requested_slot': (1.0, 0.0, 0.0, 0.0, 0.0)}
[state 4] user intent: informar_monto | user entities: ('amount_of_money',) | previous action name: action_listen | active loop: {'name': 'envio_cbu_form'} | slots: {'requested_slot': (1.0, 0.0, 0.0, 0.0, 0.0)}
2022-04-28 23:07:53 DEBUG    rasa.core.policies.memoization  - Launch DeLorean...
2022-04-28 23:07:53 DEBUG    rasa.core.policies.memoization  - Current tracker state [{}, {'user': {'intent': 'informar_monto', 'entities': ('amount_of_money',)}, 'prev_action': {'action_name': 'action_listen'}}]
2022-04-28 23:07:53 DEBUG    rasa.core.policies.memoization  - There is no memorised next action
2022-04-28 23:07:53 DEBUG    rasa.core.policies.ensemble  - Made prediction using user intent.
2022-04-28 23:07:53 DEBUG    rasa.core.policies.ensemble  - Added `DefinePrevUserUtteredFeaturization(False)` event.
2022-04-28 23:07:53 DEBUG    rasa.core.policies.ensemble  - Predicted next action using policy_1_RulePolicy.
2022-04-28 23:07:53 DEBUG    rasa.core.processor  - Predicted next action 'envio_cbu_form' with confidence 1.00.
2022-04-28 23:07:53 DEBUG    rasa_addons.core.actions.action_botfront_form  - The form '{'name': 'envio_cbu_form', 'is_interrupted': False, 'rejected': False, 'trigger_message': {'intent': {'id': -8708249091265068977, 'name': 'envio_cbu', 'confidence': 0.9990593791007996}, 'entities': [], 'text': 'cbu', 'message_id': '8e55997d2e9049ecaea7a7aeb36ba5a9', 'metadata': {'language': 'es'}, 'intent_ranking': [{'id': -8708249091265068977, 'name': 'envio_cbu', 'confidence': 0.9990593791007996, 'canonical': 'cpu'}, {'id': 1634995050258829117, 'name': 'consultar_productos', 'confidence': 0.0007034890004433692, 'canonical': 'Consultar productos disponibles'}, {'id': -4715469323084187204, 'name': 'informar_monto', 'confidence': 0.00010000630572903901, 'canonical': '23'}, {'id': -2899838271436629276, 'name': 'molestar', 'confidence': 6.109374953666702e-05, 'canonical': 'a0sd9f8ja-sd98fj'}, {'id': -1401062946028618648, 'name': 'informar_email', 'confidence': 2.392687019892037e-05, 'canonical': 'alex@saia.ar'}, {'id': -284263194864665573, 'name': 'informar', 'confidence': 1.789126508811023e-05, 'canonical': 'besos'}, {'id': -1891217361089672982, 'name': 'informar_dni', 'confidence': 1.5441661162185483e-05, 'canonical': '23345345'}, {'id': -2347033733256931566, 'name': 'desconocer', 'confidence': 8.266262739198282e-06, 'canonical': 'no lo se'}, {'id': -8205858857679895320, 'name': 'cargar_saldo', 'confidence': 7.228766207845183e-06, 'canonical': 'Cargar saldo'}, {'id': -7040577848032014269, 'name': 'despedir', 'confidence': 3.2881835068110377e-06, 'canonical': 'adios'}]}}' is active
2022-04-28 23:07:53 DEBUG    rasa_addons.core.actions.action_botfront_form  - Validating user input 'UserUttered(text: 980, intent: informar_monto, entities: 980 (Type: amount_of_money, Role: None, Group: None), use_text_for_featurization: False)'
2022-04-28 23:07:53 DEBUG    rasa_addons.core.actions.action_botfront_form  - Trying to extract requested slot 'user_dni' ...
2022-04-28 23:07:53 DEBUG    rasa_addons.core.actions.action_botfront_form  - Got mapping '{'entity': 'user_dni', 'not_intent': ['informar', 'informar_monto'], 'type': 'from_entity'}'
2022-04-28 23:07:53 DEBUG    rasa_addons.core.actions.action_botfront_form  - Failed to extract requested slot 'user_dni'
2022-04-28 23:07:53 DEBUG    rasa.core.policies.rule_policy  - Current tracker state:
[state 1] user intent: get_started | previous action name: action_listen
[state 2] user intent: get_started | previous action name: utter_vkjzjQW8_
[state 3] user intent: envio_cbu | previous action name: action_listen
[state 4] user intent: envio_cbu | previous action name: utter_envio_cbu
[state 5] user intent: envio_cbu | previous action name: envio_cbu_form | active loop: {'name': 'envio_cbu_form'} | slots: {'requested_slot': (1.0, 0.0, 0.0, 0.0, 0.0)}
[state 6] previous action name: action_listen | active loop: {'name': 'envio_cbu_form'} | slots: {'requested_slot': (1.0, 0.0, 0.0, 0.0, 0.0)}
2022-04-28 23:07:53 DEBUG    rasa.core.policies.rule_policy  - There is no applicable rule.
2022-04-28 23:07:53 DEBUG    rasa.core.policies.rule_policy  - Current tracker state:
[state 1] user intent: get_started | previous action name: action_listen
[state 2] user intent: get_started | previous action name: utter_vkjzjQW8_
[state 3] user intent: envio_cbu | previous action name: action_listen
[state 4] user intent: envio_cbu | previous action name: utter_envio_cbu
[state 5] user intent: envio_cbu | previous action name: envio_cbu_form | active loop: {'name': 'envio_cbu_form'} | slots: {'requested_slot': (1.0, 0.0, 0.0, 0.0, 0.0)}
[state 6] user intent: informar_monto | user entities: ('amount_of_money',) | previous action name: action_listen | active loop: {'name': 'envio_cbu_form'} | slots: {'requested_slot': (1.0, 0.0, 0.0, 0.0, 0.0)}
2022-04-28 23:07:53 DEBUG    rasa.core.policies.rule_policy  - There is no applicable rule.
2022-04-28 23:07:53 DEBUG    rasa.core.policies.memoization  - Current tracker state:
[state 0] user intent: get_started | previous action name: utter_vkjzjQW8_
[state 1] user intent: envio_cbu | previous action name: action_listen
[state 2] user intent: envio_cbu | previous action name: utter_envio_cbu
[state 3] user intent: envio_cbu | previous action name: envio_cbu_form | active loop: {'name': 'envio_cbu_form'} | slots: {'requested_slot': (1.0, 0.0, 0.0, 0.0, 0.0)}
[state 4] user intent: informar_monto | user entities: ('amount_of_money',) | previous action name: action_listen | active loop: {'name': 'envio_cbu_form'} | slots: {'requested_slot': (1.0, 0.0, 0.0, 0.0, 0.0)}
2022-04-28 23:07:53 DEBUG    rasa.core.policies.memoization  - Launch DeLorean...
2022-04-28 23:07:53 DEBUG    rasa.core.policies.memoization  - Current tracker state [{}, {'user': {'intent': 'informar_monto', 'entities': ('amount_of_money',)}, 'prev_action': {'action_name': 'action_listen'}}]
2022-04-28 23:07:53 DEBUG    rasa.core.policies.memoization  - There is no memorised next action
2022-04-28 23:07:53 DEBUG    rasa.core.policies.ensemble  - Execution of 'envio_cbu_form' was rejected. Setting its confidence to 0.0 in all predictions.
2022-04-28 23:07:53 DEBUG    rasa.core.policies.ensemble  - Made prediction using user intent.
2022-04-28 23:07:53 DEBUG    rasa.core.policies.ensemble  - Added `DefinePrevUserUtteredFeaturization(False)` event.
2022-04-28 23:07:53 DEBUG    rasa.core.policies.ensemble  - Predicted next action using policy_0_TEDPolicy.




2022-04-28 23:07:53 DEBUG    rasa.core.processor  - Predicted next action 'utter_despedir' with confidence 0.67.




2022-04-28 23:07:53 DEBUG    rasa_addons.core.nlg.graphql  - Requesting NLG for utter_despedir from http://botfront:3000/graphql.
2022-04-28 23:07:53 DEBUG    rasa.core.processor  - Policy prediction ended with events '[<rasa.shared.core.events.DefinePrevUserUtteredFeaturization object at 0x7f9a2e50a750>]'.
2022-04-28 23:07:53 DEBUG    rasa.core.processor  - Action 'utter_despedir' ended with events '[BotUttered('Hasta pronto', {"elements": null, "quick_replies": null, "buttons": null, "attachment": null, "image": null, "custom": null}, {"template_name": "utter_despedir"}, 1651187273.7538805)]'.
2022-04-28 23:07:53 DEBUG    rasa.core.policies.rule_policy  - Current tracker state:
[state 1] user intent: get_started | previous action name: action_listen
[state 2] user intent: get_started | previous action name: utter_vkjzjQW8_
[state 3] user intent: envio_cbu | previous action name: action_listen
[state 4] user intent: envio_cbu | previous action name: utter_envio_cbu
[state 5] user intent: envio_cbu | previous action name: envio_cbu_form | active loop: {'name': 'envio_cbu_form'} | slots: {'requested_slot': (1.0, 0.0, 0.0, 0.0, 0.0)}
[state 6] user intent: informar_monto | user entities: ('amount_of_money',) | previous action name: action_listen | active loop: {'name': 'envio_cbu_form'} | slots: {'requested_slot': (1.0, 0.0, 0.0, 0.0, 0.0)}
[state 7] user intent: informar_monto | user entities: ('amount_of_money',) | previous action name: utter_despedir | active loop: {'name': 'envio_cbu_form'} | slots: {'requested_slot': (1.0, 0.0, 0.0, 0.0, 0.0)}
2022-04-28 23:07:53 DEBUG    rasa.core.policies.rule_policy  - There is no applicable rule.
2022-04-28 23:07:53 DEBUG    rasa.core.policies.memoization  - Current tracker state:
[state 0] user intent: envio_cbu | previous action name: action_listen
[state 1] user intent: envio_cbu | previous action name: utter_envio_cbu
[state 2] user intent: envio_cbu | previous action name: envio_cbu_form | active loop: {'name': 'envio_cbu_form'} | slots: {'requested_slot': (1.0, 0.0, 0.0, 0.0, 0.0)}
[state 3] user intent: informar_monto | user entities: ('amount_of_money',) | previous action name: action_listen | active loop: {'name': 'envio_cbu_form'} | slots: {'requested_slot': (1.0, 0.0, 0.0, 0.0, 0.0)}
[state 4] user intent: informar_monto | user entities: ('amount_of_money',) | previous action name: utter_despedir | active loop: {'name': 'envio_cbu_form'} | slots: {'requested_slot': (1.0, 0.0, 0.0, 0.0, 0.0)}
2022-04-28 23:07:53 DEBUG    rasa.core.policies.memoization  - Launch DeLorean...
2022-04-28 23:07:53 DEBUG    rasa.core.policies.memoization  - Current tracker state [{}, {'prev_action': {'action_name': 'utter_despedir'}}]
2022-04-28 23:07:53 DEBUG    rasa.core.policies.memoization  - There is no memorised next action
2022-04-28 23:07:53 DEBUG    rasa.core.policies.ensemble  - Predicted next action using policy_0_TEDPolicy.
2022-04-28 23:07:53 DEBUG    rasa.core.processor  - Predicted next action 'action_listen' with confidence 0.98.
2022-04-28 23:07:53 DEBUG    rasa.core.processor  - Policy prediction ended with events '[]'.
2022-04-28 23:07:53 DEBUG    rasa.core.processor  - Action 'action_listen' ended with events '[]'.
2022-04-28 23:07:53 DEBUG    rasa.core.lock_store  - Deleted lock for conversation 'ce41fe16989647379a61a54eb3c851e9'.